<?xml version="1.0" encoding="UTF-8"?>
<!-- Generated by org.testng.reporters.JUnitReportReporter -->
<testsuite skipped="0" hostname="DESKTOP-B51MS8E" name="testCases.Post_Or_Create_A_Product" tests="1" failures="0" timestamp="30 Jun 2021 23:08:49 GMT" time="1.769" errors="0">
  <testcase name="create_A_Product" time="1.769" classname="testCases.Post_Or_Create_A_Product"/>
</testsuite> <!-- testCases.Post_Or_Create_A_Product -->
