<?xml version="1.0" encoding="UTF-8"?>
<!-- Generated by org.testng.reporters.JUnitReportReporter -->
<testsuite skipped="0" hostname="DESKTOP-B51MS8E" name="testCases.Get_Or_Read_A_Product" tests="1" failures="0" timestamp="30 Jun 2021 23:12:23 GMT" time="1.621" errors="0">
  <testcase name="read_A_Product" time="1.621" classname="testCases.Get_Or_Read_A_Product"/>
</testsuite> <!-- testCases.Get_Or_Read_A_Product -->
