<?xml version="1.0" encoding="UTF-8"?>
<!-- Generated by org.testng.reporters.JUnitReportReporter -->
<testsuite skipped="0" hostname="DESKTOP-B51MS8E" name="testCases.Delete_A_Product" tests="1" failures="0" timestamp="30 Jun 2021 23:13:42 GMT" time="2.747" errors="0">
  <testcase name="delete_A_Product" time="2.747" classname="testCases.Delete_A_Product"/>
</testsuite> <!-- testCases.Delete_A_Product -->
