<?xml version="1.0" encoding="UTF-8"?>
<!-- Generated by org.testng.reporters.JUnitReportReporter -->
<testsuite skipped="0" hostname="DESKTOP-B51MS8E" name="Get_or_Read_All_Product.Read_All_Product" tests="1" failures="0" timestamp="21 Jun 2021 21:59:35 GMT" time="1.763" errors="0">
  <testcase name="read_All_Product" time="1.763" classname="Get_or_Read_All_Product.Read_All_Product"/>
</testsuite> <!-- Get_or_Read_All_Product.Read_All_Product -->
