<?xml version="1.0" encoding="UTF-8"?>
<!-- Generated by org.testng.reporters.JUnitReportReporter -->
<testsuite skipped="0" hostname="DESKTOP-B51MS8E" name="testCases.Put_Or_Update_A_Product" tests="1" failures="0" timestamp="30 Jun 2021 23:12:00 GMT" time="2.948" errors="0">
  <testcase name="Update_A_Product" time="2.948" classname="testCases.Put_Or_Update_A_Product"/>
</testsuite> <!-- testCases.Put_Or_Update_A_Product -->
