<?xml version="1.0" encoding="UTF-8"?>
<!-- Generated by org.testng.reporters.JUnitReportReporter -->
<testsuite skipped="0" hostname="DESKTOP-B51MS8E" name="testCases.Read_A_Product" tests="1" failures="0" timestamp="21 Jun 2021 22:08:15 GMT" time="1.753" errors="0">
  <testcase name="read_All_Product" time="1.753" classname="testCases.Read_A_Product"/>
</testsuite> <!-- testCases.Read_A_Product -->
