<?xml version="1.0" encoding="UTF-8"?>
<!-- Generated by org.testng.reporters.JUnitReportReporter -->
<testsuite skipped="0" hostname="DESKTOP-B51MS8E" name="testCases.Get_Or_Read_All_Products" tests="1" failures="0" timestamp="30 Jun 2021 23:10:07 GMT" time="1.804" errors="0">
  <testcase name="read_All_Product" time="1.804" classname="testCases.Get_Or_Read_All_Products"/>
</testsuite> <!-- testCases.Get_Or_Read_All_Products -->
